<?xml version="1.0" encoding="UTF-8"?>
<testng-results ignored="0" total="1" passed="1" failed="0" skipped="0">
  <reporter-output>
  </reporter-output>
  <suite started-at="2021-04-06T11:02:21Z" name="Suite" finished-at="2021-04-06T11:02:59Z" duration-ms="38165">
    <groups>
    </groups>
    <test started-at="2021-04-06T11:02:21Z" name="searchTest1" finished-at="2021-04-06T11:02:59Z" duration-ms="38165">
      <class name="utils.Base">
        <test-method is-config="true" signature="startUpChromeBrowser()[pri:0, instance:utils.Base@4efac082]" started-at="2021-04-06T13:02:21Z" name="startUpChromeBrowser" finished-at="2021-04-06T13:02:23Z" duration-ms="2371" status="PASS">
          <reporter-output>
          </reporter-output>
        </test-method> <!-- startUpChromeBrowser -->
        <test-method is-config="true" signature="tearDown()[pri:0, instance:utils.Base@4efac082]" started-at="2021-04-06T13:02:54Z" name="tearDown" finished-at="2021-04-06T13:02:59Z" duration-ms="4941" status="PASS">
          <reporter-output>
          </reporter-output>
        </test-method> <!-- tearDown -->
      </class> <!-- utils.Base -->
      <class name="test.SearchTest">
        <test-method signature="search(java.lang.String, java.lang.String)[pri:0, instance:test.SearchTest@6bd61f98]" started-at="2021-04-06T13:02:23Z" name="search" finished-at="2021-04-06T13:02:54Z" duration-ms="30842" status="PASS">
          <params>
            <param index="0">
              <value>
                <![CDATA[loco]]>
              </value>
            </param>
            <param index="1">
              <value>
                <![CDATA[chrome]]>
              </value>
            </param>
          </params>
          <reporter-output>
          </reporter-output>
        </test-method> <!-- search -->
      </class> <!-- test.SearchTest -->
    </test> <!-- searchTest1 -->
  </suite> <!-- Suite -->
</testng-results>
