<?xml version="1.0" encoding="UTF-8"?>
<testng-results ignored="0" total="1" passed="1" failed="0" skipped="0">
  <reporter-output>
  </reporter-output>
  <suite started-at="2021-04-06T10:57:52Z" name="Suite" finished-at="2021-04-06T10:58:22Z" duration-ms="29886">
    <groups>
    </groups>
    <test started-at="2021-04-06T10:57:52Z" name="Default test" finished-at="2021-04-06T10:58:22Z" duration-ms="29886">
      <class name="test.SearchTest">
        <test-method signature="search(java.lang.String, java.lang.String)[pri:0, instance:test.SearchTest@57576994]" started-at="2021-04-06T12:57:52Z" name="search" finished-at="2021-04-06T12:58:22Z" duration-ms="29869" status="PASS">
          <params>
            <param index="0">
              <value>
                <![CDATA[loco]]>
              </value>
            </param>
            <param index="1">
              <value>
                <![CDATA[chrome]]>
              </value>
            </param>
          </params>
          <reporter-output>
          </reporter-output>
        </test-method> <!-- search -->
      </class> <!-- test.SearchTest -->
    </test> <!-- Default test -->
  </suite> <!-- Suite -->
</testng-results>
